INFO 2025-07-05 14:29:03,047 autoreload 27485 8728546432 Watching for file changes with StatReloader
INFO 2025-07-05 14:29:21,514 basehttp 27485 13542387712 "GET / HTTP/1.1" 200 3589
INFO 2025-07-05 14:29:23,232 basehttp 27485 13560262656 "GET /transcripts/ HTTP/1.1" 200 24277
DEBUG 2025-07-05 14:29:24,616 views 27485 13560262656 Audio URL for transcript 17: /media/uploads/P680FATSTR_Zd1tD2v.mp3
DEBUG 2025-07-05 14:29:24,618 views 27485 13560262656 Audio file path: /Users/haozhema/batchalign_app/media/uploads/P680FATSTR_Zd1tD2v.mp3, exists: True, size: 918752
DEBUG 2025-07-05 14:29:24,619 views 27485 13560262656 Audio file MIME type: audio/mpeg
DEBUG 2025-07-05 14:29:24,620 views 27485 13560262656 Transcript 17 content length: 15767
DEBUG 2025-07-05 14:29:24,620 views 27485 13560262656 Found 0 missing segments
DEBUG 2025-07-05 14:29:24,620 views 27485 13560262656 Diarization processed: False
DEBUG 2025-07-05 14:29:24,620 views 27485 13560262656 CHAT content first 100 chars: @UTF8
@Begin
@Languages:	eng
@Participants:	MOT MOT, CHI CHI
@ID:	eng|corpus_name|MOT|||||MOT|||
@ID
DEBUG 2025-07-05 14:29:24,620 views 27485 13560262656 Audio URL: /media/uploads/P680FATSTR_Zd1tD2v.mp3
INFO 2025-07-05 14:29:24,632 basehttp 27485 13560262656 "GET /transcript/17/ HTTP/1.1" 200 80500
INFO 2025-07-05 14:29:24,872 basehttp 27485 13577089024 "GET /static/batch_processor/js/transcript_player/extract_timestamps.js?v=1751725764 HTTP/1.1" 200 5996
INFO 2025-07-05 14:29:24,876 basehttp 27485 13593915392 "GET /static/batch_processor/js/transcript_player/fixed_transcript_init.js?v=1751725764 HTTP/1.1" 200 7052
INFO 2025-07-05 14:29:24,882 basehttp 27485 13560262656 "GET /static/batch_processor/js/wavesurfer.min.js?v=1751725764 HTTP/1.1" 200 77692
INFO 2025-07-05 14:29:24,883 basehttp 27485 13577089024 "GET /static/batch_processor/js/transcript_player/autoscroll_fix.js?v=1751725764 HTTP/1.1" 200 13285
INFO 2025-07-05 14:29:24,885 basehttp 27485 13593915392 "GET /static/batch_processor/js/transcript_player/fallback_init.js?v=1751725764 HTTP/1.1" 200 10386
INFO 2025-07-05 14:29:24,885 basehttp 27485 13627568128 "GET /static/batch_processor/js/transcript_player/basic_wavesurfer.js?v=1751725764 HTTP/1.1" 200 10109
INFO 2025-07-05 14:29:24,887 basehttp 27485 13610741760 "GET /static/batch_processor/js/transcript_player/audio_player.js?v=1751725764 HTTP/1.1" 200 43263
INFO 2025-07-05 14:29:24,892 basehttp 27485 13593915392 "GET /static/batch_processor/js/transcript_player/highlight_diagnostics.js?v=1751725764 HTTP/1.1" 200 6174
INFO 2025-07-05 14:29:24,895 basehttp 27485 13577089024 "GET /static/batch_processor/js/transcript_player/edge_compatible_highlight.js?v=1751725764 HTTP/1.1" 200 21763
INFO 2025-07-05 14:29:24,899 basehttp 27485 13627568128 "GET /static/batch_processor/js/transcript_player/display_fix_helper.js?v=1751725764 HTTP/1.1" 200 983
INFO 2025-07-05 14:29:24,900 basehttp 27485 13560262656 "GET /static/batch_processor/js/transcript_player/transcript_diagnostics.js?v=1751725764 HTTP/1.1" 200 13116
INFO 2025-07-05 14:29:24,902 basehttp 27485 13644394496 "GET /static/batch_processor/js/transcript_player/transcript_display.js?v=1751725764 HTTP/1.1" 200 56439
INFO 2025-07-05 14:29:24,903 basehttp 27485 13610741760 "GET /static/batch_processor/js/transcript_player/transcript_enhancer.js?v=1751725764 HTTP/1.1" 200 3120
INFO 2025-07-05 14:29:24,906 basehttp 27485 13593915392 "GET /static/batch_processor/js/transcript_player/height_enforcer.js?v=1751725764 HTTP/1.1" 200 5963
INFO 2025-07-05 14:29:24,923 basehttp 27485 13577089024 "GET /media/uploads/P680FATSTR_Zd1tD2v.mp3 HTTP/1.1" 200 918752
INFO 2025-07-05 14:29:25,031 basehttp 27485 13577089024 "GET /media/uploads/P680FATSTR_Zd1tD2v.mp3 HTTP/1.1" 200 918752
INFO 2025-07-05 14:29:25,067 basehttp 27485 13577089024 "GET /media/uploads/P680FATSTR_Zd1tD2v.mp3 HTTP/1.1" 200 918752
INFO 2025-07-05 14:29:25,551 basehttp 27485 13577089024 "GET /media/uploads/P680FATSTR_Zd1tD2v.mp3 HTTP/1.1" 200 918752
INFO 2025-07-05 14:29:25,560 basehttp 27485 13593915392 "GET /media/uploads/P680FATSTR_Zd1tD2v.mp3 HTTP/1.1" 200 918752
INFO 2025-07-05 14:30:57,443 basehttp 27485 13560262656 "GET / HTTP/1.1" 200 3589
INFO 2025-07-05 14:30:58,702 basehttp 27485 13560262656 "GET /transcripts/ HTTP/1.1" 200 24277
DEBUG 2025-07-05 14:30:59,851 views 27485 13560262656 Audio URL for transcript 17: /media/uploads/P680FATSTR_Zd1tD2v.mp3
DEBUG 2025-07-05 14:30:59,851 views 27485 13560262656 Audio file path: /Users/haozhema/batchalign_app/media/uploads/P680FATSTR_Zd1tD2v.mp3, exists: True, size: 918752
DEBUG 2025-07-05 14:30:59,851 views 27485 13560262656 Audio file MIME type: audio/mpeg
DEBUG 2025-07-05 14:30:59,851 views 27485 13560262656 Transcript 17 content length: 15767
DEBUG 2025-07-05 14:30:59,851 views 27485 13560262656 Found 0 missing segments
DEBUG 2025-07-05 14:30:59,852 views 27485 13560262656 Diarization processed: False
DEBUG 2025-07-05 14:30:59,852 views 27485 13560262656 CHAT content first 100 chars: @UTF8
@Begin
@Languages:	eng
@Participants:	MOT MOT, CHI CHI
@ID:	eng|corpus_name|MOT|||||MOT|||
@ID
DEBUG 2025-07-05 14:30:59,852 views 27485 13560262656 Audio URL: /media/uploads/P680FATSTR_Zd1tD2v.mp3
INFO 2025-07-05 14:30:59,856 basehttp 27485 13560262656 "GET /transcript/17/ HTTP/1.1" 200 80500
INFO 2025-07-05 14:30:59,918 basehttp 27485 13577089024 "GET /static/batch_processor/js/transcript_player/extract_timestamps.js?v=1751725859 HTTP/1.1" 200 5996
INFO 2025-07-05 14:30:59,946 basehttp 27485 13593915392 "GET /static/batch_processor/js/transcript_player/fixed_transcript_init.js?v=1751725859 HTTP/1.1" 200 7052
INFO 2025-07-05 14:30:59,947 basehttp 27485 13627568128 "GET /static/batch_processor/js/transcript_player/basic_wavesurfer.js?v=1751725859 HTTP/1.1" 200 10625
INFO 2025-07-05 14:30:59,950 basehttp 27485 13577089024 "GET /static/batch_processor/js/transcript_player/autoscroll_fix.js?v=1751725859 HTTP/1.1" 200 13285
INFO 2025-07-05 14:30:59,951 basehttp 27485 13610741760 "GET /static/batch_processor/js/transcript_player/audio_player.js?v=1751725859 HTTP/1.1" 200 44164
INFO 2025-07-05 14:30:59,955 basehttp 27485 13560262656 "GET /static/batch_processor/js/wavesurfer.min.js?v=1751725859 HTTP/1.1" 200 77692
INFO 2025-07-05 14:30:59,956 basehttp 27485 13593915392 "GET /static/batch_processor/js/transcript_player/fallback_init.js?v=1751725859 HTTP/1.1" 200 10386
INFO 2025-07-05 14:30:59,956 basehttp 27485 13627568128 "GET /static/batch_processor/js/transcript_player/transcript_diagnostics.js?v=1751725859 HTTP/1.1" 200 13116
INFO 2025-07-05 14:30:59,957 basehttp 27485 13577089024 "GET /static/batch_processor/js/transcript_player/edge_compatible_highlight.js?v=1751725859 HTTP/1.1" 200 21763
INFO 2025-07-05 14:30:59,960 basehttp 27485 13644394496 "GET /static/batch_processor/js/transcript_player/transcript_display.js?v=1751725859 HTTP/1.1" 200 56439
INFO 2025-07-05 14:30:59,961 basehttp 27485 13610741760 "GET /static/batch_processor/js/transcript_player/highlight_diagnostics.js?v=1751725859 HTTP/1.1" 200 6174
INFO 2025-07-05 14:30:59,964 basehttp 27485 13560262656 "GET /static/batch_processor/js/transcript_player/display_fix_helper.js?v=1751725859 HTTP/1.1" 200 983
INFO 2025-07-05 14:30:59,968 basehttp 27485 13577089024 "GET /static/batch_processor/js/transcript_player/transcript_enhancer.js?v=1751725859 HTTP/1.1" 200 3120
INFO 2025-07-05 14:30:59,969 basehttp 27485 13627568128 "GET /static/batch_processor/js/transcript_player/height_enforcer.js?v=1751725859 HTTP/1.1" 200 5963
INFO 2025-07-05 14:30:59,983 basehttp 27485 13593915392 "GET /media/uploads/P680FATSTR_Zd1tD2v.mp3 HTTP/1.1" 200 918752
INFO 2025-07-05 14:31:00,042 basehttp 27485 13593915392 "GET /media/uploads/P680FATSTR_Zd1tD2v.mp3 HTTP/1.1" 200 918752
INFO 2025-07-05 14:31:00,093 basehttp 27485 13593915392 "GET /media/uploads/P680FATSTR_Zd1tD2v.mp3 HTTP/1.1" 200 918752
INFO 2025-07-05 14:31:00,514 basehttp 27485 13593915392 "GET /media/uploads/P680FATSTR_Zd1tD2v.mp3 HTTP/1.1" 200 918752
INFO 2025-07-05 14:31:00,520 basehttp 27485 13577089024 "GET /media/uploads/P680FATSTR_Zd1tD2v.mp3 HTTP/1.1" 200 918752
DEBUG 2025-07-05 14:31:30,275 views 27485 13560262656 Audio URL for transcript 17: /media/uploads/P680FATSTR_Zd1tD2v.mp3
DEBUG 2025-07-05 14:31:30,276 views 27485 13560262656 Audio file path: /Users/haozhema/batchalign_app/media/uploads/P680FATSTR_Zd1tD2v.mp3, exists: True, size: 918752
DEBUG 2025-07-05 14:31:30,276 views 27485 13560262656 Audio file MIME type: audio/mpeg
DEBUG 2025-07-05 14:31:30,276 views 27485 13560262656 Transcript 17 content length: 15767
DEBUG 2025-07-05 14:31:30,276 views 27485 13560262656 Found 0 missing segments
DEBUG 2025-07-05 14:31:30,276 views 27485 13560262656 Diarization processed: False
DEBUG 2025-07-05 14:31:30,276 views 27485 13560262656 CHAT content first 100 chars: @UTF8
@Begin
@Languages:	eng
@Participants:	MOT MOT, CHI CHI
@ID:	eng|corpus_name|MOT|||||MOT|||
@ID
DEBUG 2025-07-05 14:31:30,276 views 27485 13560262656 Audio URL: /media/uploads/P680FATSTR_Zd1tD2v.mp3
INFO 2025-07-05 14:31:30,279 basehttp 27485 13560262656 "GET /transcript/17/?id=5c9443da-5341-4827-87ec-d3f9944055a6&vscodeBrowserReqId=1751725890261 HTTP/1.1" 200 80500
DEBUG 2025-07-05 14:31:59,539 views 27485 13560262656 Audio URL for transcript 17: /media/uploads/P680FATSTR_Zd1tD2v.mp3
DEBUG 2025-07-05 14:31:59,540 views 27485 13560262656 Audio file path: /Users/haozhema/batchalign_app/media/uploads/P680FATSTR_Zd1tD2v.mp3, exists: True, size: 918752
DEBUG 2025-07-05 14:31:59,540 views 27485 13560262656 Audio file MIME type: audio/mpeg
DEBUG 2025-07-05 14:31:59,540 views 27485 13560262656 Transcript 17 content length: 15767
DEBUG 2025-07-05 14:31:59,540 views 27485 13560262656 Found 0 missing segments
DEBUG 2025-07-05 14:31:59,540 views 27485 13560262656 Diarization processed: False
DEBUG 2025-07-05 14:31:59,540 views 27485 13560262656 CHAT content first 100 chars: @UTF8
@Begin
@Languages:	eng
@Participants:	MOT MOT, CHI CHI
@ID:	eng|corpus_name|MOT|||||MOT|||
@ID
DEBUG 2025-07-05 14:31:59,540 views 27485 13560262656 Audio URL: /media/uploads/P680FATSTR_Zd1tD2v.mp3
INFO 2025-07-05 14:31:59,543 basehttp 27485 13560262656 "GET /transcript/17/ HTTP/1.1" 200 80500
INFO 2025-07-05 14:31:59,666 basehttp 27485 13593915392 "GET /static/batch_processor/js/transcript_player/fixed_transcript_init.js?v=1751725919 HTTP/1.1" 200 7052
INFO 2025-07-05 14:31:59,666 basehttp 27485 13577089024 "GET /static/batch_processor/js/transcript_player/extract_timestamps.js?v=1751725919 HTTP/1.1" 200 5996
INFO 2025-07-05 14:31:59,666 basehttp 27485 13560262656 "GET /static/batch_processor/js/wavesurfer.min.js?v=1751725919 HTTP/1.1" 200 77692
INFO 2025-07-05 14:31:59,667 basehttp 27485 13627568128 "GET /static/batch_processor/js/transcript_player/basic_wavesurfer.js?v=1751725919 HTTP/1.1" 200 10625
INFO 2025-07-05 14:31:59,669 basehttp 27485 13610741760 "GET /static/batch_processor/js/transcript_player/audio_player.js?v=1751725919 HTTP/1.1" 200 44164
INFO 2025-07-05 14:31:59,670 basehttp 27485 13644394496 "GET /static/batch_processor/js/transcript_player/transcript_display.js?v=1751725919 HTTP/1.1" 200 56439
INFO 2025-07-05 14:31:59,704 basehttp 27485 13577089024 "GET /static/batch_processor/js/transcript_player/transcript_diagnostics.js?v=1751725919 HTTP/1.1" 200 13116
INFO 2025-07-05 14:31:59,710 basehttp 27485 13644394496 "GET /static/batch_processor/js/transcript_player/highlight_diagnostics.js?v=1751725919 HTTP/1.1" 200 6174
INFO 2025-07-05 14:31:59,723 basehttp 27485 13593915392 "GET /static/batch_processor/js/transcript_player/autoscroll_fix.js?v=1751725919 HTTP/1.1" 200 13285
INFO 2025-07-05 14:31:59,726 basehttp 27485 13610741760 "GET /static/batch_processor/js/transcript_player/edge_compatible_highlight.js?v=1751725919 HTTP/1.1" 200 21763
INFO 2025-07-05 14:31:59,726 basehttp 27485 13627568128 "GET /static/batch_processor/js/transcript_player/display_fix_helper.js?v=1751725919 HTTP/1.1" 200 983
INFO 2025-07-05 14:31:59,727 basehttp 27485 13560262656 "GET /static/batch_processor/js/transcript_player/fallback_init.js?v=1751725919 HTTP/1.1" 200 10386
INFO 2025-07-05 14:31:59,728 basehttp 27485 13577089024 "GET /static/batch_processor/js/transcript_player/transcript_enhancer.js?v=1751725919 HTTP/1.1" 200 3120
INFO 2025-07-05 14:31:59,730 basehttp 27485 13644394496 "GET /static/batch_processor/js/transcript_player/height_enforcer.js?v=1751725919 HTTP/1.1" 200 5963
INFO 2025-07-05 14:31:59,852 basehttp 27485 13644394496 "GET /media/uploads/P680FATSTR_Zd1tD2v.mp3 HTTP/1.1" 200 918752
INFO 2025-07-05 14:31:59,865 basehttp 27485 13610741760 "GET /media/uploads/P680FATSTR_Zd1tD2v.mp3 HTTP/1.1" 200 918752
INFO 2025-07-05 14:31:59,879 basehttp 27485 13577089024 "GET /media/uploads/P680FATSTR_Zd1tD2v.mp3 HTTP/1.1" 200 918752
INFO 2025-07-05 14:32:00,306 basehttp 27485 13610741760 "GET /media/uploads/P680FATSTR_Zd1tD2v.mp3 HTTP/1.1" 200 918752
INFO 2025-07-05 14:32:00,307 basehttp 27485 13577089024 "GET /media/uploads/P680FATSTR_Zd1tD2v.mp3 HTTP/1.1" 200 918752
